[2026-04-24 17:41:12] [INFO] Pulse is starting...
[2026-04-24 17:41:12] [INFO] Starting module: Network Monitor
[2026-04-24 17:41:12] [INFO] Starting module: Process Monitor
[2026-04-24 17:41:12] [INFO] Starting module: Action Engine
[2026-04-24 17:41:12] [INFO] Action Engine initialized.
[2026-04-24 17:41:12] [INFO] High Memory Process: dwm (712 MB)
[2026-04-24 17:41:12] [INFO] High Memory Process: language_server_windows_x64 (606 MB)
[2026-04-24 17:41:12] [INFO] High Memory Process: language_server_windows_x64 (598 MB)
[2026-04-24 17:41:22] [INFO] High Memory Process: dwm (726 MB)
[2026-04-24 17:41:22] [INFO] High Memory Process: language_server_windows_x64 (608 MB)
[2026-04-24 17:41:22] [INFO] High Memory Process: language_server_windows_x64 (598 MB)
[2026-04-24 17:41:32] [INFO] High Memory Process: dwm (726 MB)
[2026-04-24 17:41:32] [INFO] High Memory Process: language_server_windows_x64 (610 MB)
[2026-04-24 17:41:32] [INFO] High Memory Process: language_server_windows_x64 (598 MB)
[2026-04-24 17:41:42] [INFO] High Memory Process: dwm (726 MB)
[2026-04-24 17:41:42] [INFO] High Memory Process: language_server_windows_x64 (610 MB)
[2026-04-24 17:41:42] [INFO] High Memory Process: Antigravity (598 MB)
[2026-04-24 17:41:52] [INFO] High Memory Process: dwm (726 MB)
[2026-04-24 17:41:52] [INFO] High Memory Process: language_server_windows_x64 (610 MB)
[2026-04-24 17:41:52] [INFO] High Memory Process: language_server_windows_x64 (598 MB)
[2026-04-24 17:42:02] [INFO] High Memory Process: dwm (726 MB)
[2026-04-24 17:42:02] [INFO] High Memory Process: language_server_windows_x64 (610 MB)
[2026-04-24 17:42:02] [INFO] High Memory Process: language_server_windows_x64 (598 MB)
[2026-04-24 17:42:12] [INFO] High Memory Process: dwm (726 MB)
[2026-04-24 17:42:12] [INFO] High Memory Process: language_server_windows_x64 (610 MB)
[2026-04-24 17:42:12] [INFO] High Memory Process: language_server_windows_x64 (598 MB)
[2026-04-24 17:42:22] [INFO] High Memory Process: dwm (726 MB)
[2026-04-24 17:42:22] [INFO] High Memory Process: language_server_windows_x64 (610 MB)
[2026-04-24 17:42:22] [INFO] High Memory Process: language_server_windows_x64 (598 MB)
[2026-04-24 17:42:32] [INFO] High Memory Process: dwm (726 MB)
[2026-04-24 17:42:32] [INFO] High Memory Process: language_server_windows_x64 (610 MB)
[2026-04-24 17:42:32] [INFO] High Memory Process: language_server_windows_x64 (598 MB)
[2026-04-24 17:42:42] [INFO] High Memory Process: dwm (726 MB)
[2026-04-24 17:42:42] [INFO] High Memory Process: language_server_windows_x64 (610 MB)
[2026-04-24 17:42:42] [INFO] High Memory Process: language_server_windows_x64 (598 MB)
[2026-04-24 17:42:52] [INFO] High Memory Process: dwm (726 MB)
[2026-04-24 17:42:52] [INFO] High Memory Process: language_server_windows_x64 (610 MB)
[2026-04-24 17:42:52] [INFO] High Memory Process: language_server_windows_x64 (598 MB)
[2026-04-24 17:43:02] [INFO] High Memory Process: dwm (726 MB)
[2026-04-24 17:43:02] [INFO] High Memory Process: language_server_windows_x64 (610 MB)
[2026-04-24 17:43:02] [INFO] High Memory Process: language_server_windows_x64 (598 MB)
[2026-04-24 17:43:12] [INFO] High Memory Process: dwm (726 MB)
[2026-04-24 17:43:12] [INFO] High Memory Process: language_server_windows_x64 (610 MB)
[2026-04-24 17:43:12] [INFO] High Memory Process: language_server_windows_x64 (598 MB)
[2026-04-24 17:43:22] [INFO] High Memory Process: dwm (726 MB)
[2026-04-24 17:43:22] [INFO] High Memory Process: language_server_windows_x64 (610 MB)
[2026-04-24 17:43:22] [INFO] High Memory Process: language_server_windows_x64 (598 MB)
[2026-04-24 17:43:32] [INFO] High Memory Process: dwm (726 MB)
[2026-04-24 17:43:32] [INFO] High Memory Process: language_server_windows_x64 (610 MB)
[2026-04-24 17:43:32] [INFO] High Memory Process: language_server_windows_x64 (598 MB)
[2026-04-24 17:43:42] [INFO] High Memory Process: dwm (726 MB)
[2026-04-24 17:43:42] [INFO] High Memory Process: language_server_windows_x64 (610 MB)
[2026-04-24 17:43:42] [INFO] High Memory Process: language_server_windows_x64 (598 MB)
[2026-04-24 17:43:52] [INFO] High Memory Process: dwm (726 MB)
[2026-04-24 17:43:52] [INFO] High Memory Process: language_server_windows_x64 (610 MB)
[2026-04-24 17:43:52] [INFO] High Memory Process: language_server_windows_x64 (598 MB)
[2026-04-24 17:44:02] [INFO] High Memory Process: dwm (726 MB)
[2026-04-24 17:44:02] [INFO] High Memory Process: language_server_windows_x64 (610 MB)
[2026-04-24 17:44:02] [INFO] High Memory Process: language_server_windows_x64 (598 MB)
[2026-04-24 17:44:12] [INFO] High Memory Process: dwm (726 MB)
[2026-04-24 17:44:12] [INFO] High Memory Process: language_server_windows_x64 (598 MB)
[2026-04-24 17:44:12] [INFO] High Memory Process: language_server_windows_x64 (589 MB)
[2026-04-24 17:44:22] [INFO] High Memory Process: dwm (726 MB)
[2026-04-24 17:44:22] [INFO] High Memory Process: language_server_windows_x64 (598 MB)
[2026-04-24 17:44:22] [INFO] High Memory Process: language_server_windows_x64 (589 MB)
[2026-04-24 17:44:32] [INFO] High Memory Process: dwm (726 MB)
[2026-04-24 17:44:32] [INFO] High Memory Process: language_server_windows_x64 (598 MB)
[2026-04-24 17:44:32] [INFO] High Memory Process: language_server_windows_x64 (589 MB)
[2026-04-24 17:44:42] [INFO] High Memory Process: dwm (726 MB)
[2026-04-24 17:44:42] [INFO] High Memory Process: language_server_windows_x64 (598 MB)
[2026-04-24 17:44:42] [INFO] High Memory Process: language_server_windows_x64 (589 MB)
[2026-04-24 17:44:52] [INFO] High Memory Process: dwm (726 MB)
[2026-04-24 17:44:52] [INFO] High Memory Process: language_server_windows_x64 (598 MB)
[2026-04-24 17:44:52] [INFO] High Memory Process: language_server_windows_x64 (589 MB)
[2026-04-24 17:45:02] [INFO] High Memory Process: dwm (726 MB)
[2026-04-24 17:45:02] [INFO] High Memory Process: language_server_windows_x64 (598 MB)
[2026-04-24 17:45:02] [INFO] High Memory Process: language_server_windows_x64 (589 MB)
[2026-04-24 17:45:12] [INFO] High Memory Process: dwm (726 MB)
[2026-04-24 17:45:12] [INFO] High Memory Process: language_server_windows_x64 (598 MB)
[2026-04-24 17:45:12] [INFO] High Memory Process: language_server_windows_x64 (589 MB)
[2026-04-24 17:45:22] [INFO] High Memory Process: dwm (726 MB)
[2026-04-24 17:45:22] [INFO] High Memory Process: language_server_windows_x64 (598 MB)
[2026-04-24 17:45:22] [INFO] High Memory Process: language_server_windows_x64 (589 MB)
[2026-04-24 17:45:32] [INFO] High Memory Process: dwm (726 MB)
[2026-04-24 17:45:32] [INFO] High Memory Process: language_server_windows_x64 (598 MB)
[2026-04-24 17:45:32] [INFO] High Memory Process: language_server_windows_x64 (589 MB)
[2026-04-24 17:45:42] [INFO] High Memory Process: dwm (726 MB)
[2026-04-24 17:45:42] [INFO] High Memory Process: language_server_windows_x64 (598 MB)
[2026-04-24 17:45:42] [INFO] High Memory Process: language_server_windows_x64 (589 MB)
[2026-04-24 17:45:52] [INFO] High Memory Process: dwm (726 MB)
[2026-04-24 17:45:52] [INFO] High Memory Process: language_server_windows_x64 (598 MB)
[2026-04-24 17:45:52] [INFO] High Memory Process: language_server_windows_x64 (589 MB)
[2026-04-24 17:46:02] [INFO] High Memory Process: dwm (726 MB)
[2026-04-24 17:46:02] [INFO] High Memory Process: language_server_windows_x64 (598 MB)
[2026-04-24 17:46:02] [INFO] High Memory Process: language_server_windows_x64 (589 MB)
[2026-04-24 17:46:12] [INFO] High Memory Process: dwm (726 MB)
[2026-04-24 17:46:12] [INFO] High Memory Process: language_server_windows_x64 (598 MB)
[2026-04-24 17:46:12] [INFO] High Memory Process: language_server_windows_x64 (589 MB)
[2026-04-24 17:46:22] [INFO] High Memory Process: dwm (726 MB)
[2026-04-24 17:46:22] [INFO] High Memory Process: language_server_windows_x64 (598 MB)
[2026-04-24 17:46:22] [INFO] High Memory Process: language_server_windows_x64 (589 MB)
[2026-04-24 17:46:32] [INFO] High Memory Process: dwm (726 MB)
[2026-04-24 17:46:32] [INFO] High Memory Process: language_server_windows_x64 (598 MB)
[2026-04-24 17:46:32] [INFO] High Memory Process: language_server_windows_x64 (591 MB)
[2026-04-24 17:46:42] [INFO] High Memory Process: dwm (726 MB)
[2026-04-24 17:46:42] [INFO] High Memory Process: language_server_windows_x64 (598 MB)
[2026-04-24 17:46:42] [INFO] High Memory Process: language_server_windows_x64 (591 MB)
[2026-04-24 17:46:52] [INFO] High Memory Process: dwm (726 MB)
[2026-04-24 17:46:52] [INFO] High Memory Process: language_server_windows_x64 (598 MB)
[2026-04-24 17:46:52] [INFO] High Memory Process: language_server_windows_x64 (591 MB)
[2026-04-24 17:47:02] [INFO] High Memory Process: dwm (726 MB)
[2026-04-24 17:47:02] [INFO] High Memory Process: language_server_windows_x64 (598 MB)
[2026-04-24 17:47:02] [INFO] High Memory Process: language_server_windows_x64 (591 MB)
[2026-04-24 17:47:12] [INFO] High Memory Process: dwm (726 MB)
[2026-04-24 17:47:12] [INFO] High Memory Process: language_server_windows_x64 (598 MB)
[2026-04-24 17:47:12] [INFO] High Memory Process: language_server_windows_x64 (593 MB)
[2026-04-24 17:51:29] [INFO] Pulse is starting...
[2026-04-24 17:51:29] [INFO] Starting module: Network Monitor
[2026-04-24 17:51:29] [INFO] Starting module: Process Monitor
[2026-04-24 17:51:29] [INFO] Starting module: Action Engine
[2026-04-24 17:51:29] [INFO] Action Engine initialized.
[2026-04-24 17:51:29] [INFO] High Memory Process: dwm (714 MB)
[2026-04-24 17:51:29] [INFO] High Memory Process: Antigravity (643 MB)
[2026-04-24 17:51:29] [INFO] High Memory Process: language_server_windows_x64 (598 MB)
[2026-04-24 17:51:39] [INFO] High Memory Process: dwm (714 MB)
[2026-04-24 17:51:39] [INFO] High Memory Process: Antigravity (654 MB)
[2026-04-24 17:51:39] [INFO] High Memory Process: language_server_windows_x64 (602 MB)
[2026-04-24 17:51:49] [INFO] High Memory Process: dwm (714 MB)
[2026-04-24 17:51:49] [INFO] High Memory Process: Antigravity (646 MB)
[2026-04-24 17:51:49] [INFO] High Memory Process: language_server_windows_x64 (602 MB)
[2026-04-24 17:52:00] [INFO] High Memory Process: dwm (714 MB)
[2026-04-24 17:52:00] [INFO] High Memory Process: Antigravity (658 MB)
[2026-04-24 17:52:00] [INFO] High Memory Process: language_server_windows_x64 (602 MB)
[2026-04-24 17:52:10] [INFO] High Memory Process: dwm (714 MB)
[2026-04-24 17:52:10] [INFO] High Memory Process: Antigravity (659 MB)
[2026-04-24 17:52:10] [INFO] High Memory Process: language_server_windows_x64 (602 MB)
[2026-04-24 17:52:20] [INFO] High Memory Process: dwm (714 MB)
[2026-04-24 17:52:20] [INFO] High Memory Process: Antigravity (700 MB)
[2026-04-24 17:52:20] [INFO] High Memory Process: language_server_windows_x64 (602 MB)
[2026-04-24 17:52:30] [INFO] High Memory Process: dwm (744 MB)
[2026-04-24 17:52:30] [INFO] High Memory Process: Antigravity (642 MB)
[2026-04-24 17:52:30] [INFO] High Memory Process: language_server_windows_x64 (602 MB)
[2026-04-24 17:52:40] [INFO] High Memory Process: dwm (662 MB)
[2026-04-24 17:52:40] [INFO] High Memory Process: Antigravity (652 MB)
[2026-04-24 17:52:40] [INFO] High Memory Process: language_server_windows_x64 (602 MB)
[2026-04-24 17:52:50] [INFO] High Memory Process: dwm (662 MB)
[2026-04-24 17:52:50] [INFO] High Memory Process: Antigravity (649 MB)
[2026-04-24 17:52:50] [INFO] High Memory Process: language_server_windows_x64 (602 MB)
[2026-04-24 17:53:00] [INFO] High Memory Process: Antigravity (675 MB)
[2026-04-24 17:53:00] [INFO] High Memory Process: dwm (662 MB)
[2026-04-24 17:53:00] [INFO] High Memory Process: language_server_windows_x64 (602 MB)
[2026-04-24 17:53:00] [INFO] Pulse is shutting down...
[2026-04-24 20:34:49] [INFO] Pulse is starting...
[2026-04-24 20:34:49] [INFO] Starting module: Network Monitor
[2026-04-24 20:34:49] [INFO] Starting module: Process Monitor
[2026-04-24 20:34:49] [INFO] Starting module: Action Engine
[2026-04-24 20:34:49] [INFO] Action Engine initialized.
[2026-04-24 20:35:55] [INFO] Action Engine is now Disabled
[2026-04-24 20:35:56] [INFO] Action Engine is now Enabled
[2026-04-24 20:35:58] [INFO] Pulse is shutting down...
[2026-04-24 20:39:19] [INFO] Pulse is starting...
[2026-04-24 20:39:19] [INFO] Starting module: Network Monitor
[2026-04-24 20:39:19] [INFO] Starting module: Process Monitor
[2026-04-24 20:39:19] [INFO] Starting module: Action Engine
[2026-04-24 20:39:19] [INFO] Action Engine initialized.
[2026-04-24 20:39:39] [INFO] Triggered action for: Suspicious Process
[2026-04-24 20:39:39] [INFO] NOTIFICATION: Security Alert - Suspicious process detected: Notepad
[2026-04-24 20:39:49] [INFO] Triggered action for: Suspicious Process
[2026-04-24 20:39:49] [INFO] NOTIFICATION: Security Alert - Suspicious process detected: Notepad
[2026-04-24 20:39:59] [INFO] Triggered action for: Suspicious Process
[2026-04-24 20:39:59] [INFO] NOTIFICATION: Security Alert - Suspicious process detected: Notepad
[2026-04-24 20:43:12] [INFO] Pulse is shutting down...
[2026-04-24 20:44:17] [INFO] Pulse is starting...
[2026-04-24 20:44:17] [INFO] Starting module: Network Monitor
[2026-04-24 20:44:17] [INFO] Starting module: Process Monitor
[2026-04-24 20:44:17] [INFO] Starting module: Action Engine
[2026-04-24 20:44:17] [INFO] Action Engine initialized.
[2026-04-24 20:47:49] [INFO] Pulse is starting...
[2026-04-24 20:47:49] [INFO] Starting module: Network Monitor
[2026-04-24 20:47:49] [INFO] Starting module: Process Monitor
[2026-04-24 20:47:49] [INFO] Starting module: Action Engine
[2026-04-24 20:47:49] [INFO] Action Engine initialized.
[2026-04-24 20:49:36] [INFO] Pulse is shutting down...
[2026-04-24 20:54:33] [INFO] Pulse is starting...
[2026-04-24 20:54:33] [INFO] Loaded plugin module: Action Engine from Pulse.Core.dll
[2026-04-24 20:54:33] [INFO] Loaded plugin module: Network Monitor from Pulse.Core.dll
[2026-04-24 20:54:33] [INFO] Loaded plugin module: Process Monitor from Pulse.Core.dll
[2026-04-24 20:54:33] [INFO] Loaded plugin module: Disk Space Monitor (Plugin) from Pulse.Plugins.DiskMonitor.dll
[2026-04-24 20:54:33] [INFO] Starting module: Network Monitor
[2026-04-24 20:54:33] [INFO] Starting module: Process Monitor
[2026-04-24 20:54:33] [INFO] Starting module: Action Engine
[2026-04-24 20:54:33] [INFO] Action Engine initialized.
[2026-04-24 20:54:33] [INFO] Starting module: Action Engine
[2026-04-24 20:54:33] [INFO] Action Engine initialized.
[2026-04-24 20:54:33] [INFO] Starting module: Network Monitor
[2026-04-24 20:54:33] [INFO] Starting module: Process Monitor
[2026-04-24 20:54:33] [INFO] Starting module: Disk Space Monitor (Plugin)
[2026-04-24 20:54:33] [INFO] Triggered action for: Low Disk Space
[2026-04-24 20:54:33] [INFO] NOTIFICATION: Storage Warning - Drive D:\ is running critically low! Only 16,2GB (5,4%) remaining.
[2026-04-24 20:55:33] [INFO] Triggered action for: Low Disk Space
[2026-04-24 20:55:33] [INFO] NOTIFICATION: Storage Warning - Drive D:\ is running critically low! Only 16,2GB (5,4%) remaining.
[2026-04-24 20:56:08] [INFO] Pulse is shutting down...
[2026-04-24 21:06:39] [INFO] Pulse is starting...
[2026-04-24 21:06:39] [INFO] Loaded plugin module: Action Engine from Pulse.Core.dll
[2026-04-24 21:06:39] [INFO] Loaded plugin module: Network Monitor from Pulse.Core.dll
[2026-04-24 21:06:39] [INFO] Loaded plugin module: Process Monitor from Pulse.Core.dll
[2026-04-24 21:06:39] [INFO] Loaded plugin module: Disk Space Monitor (Plugin) from Pulse.Plugins.DiskMonitor.dll
[2026-04-24 21:06:39] [INFO] Starting module: Network Monitor
[2026-04-24 21:06:39] [INFO] Starting module: Process Monitor
[2026-04-24 21:06:39] [INFO] Starting module: Action Engine
[2026-04-24 21:06:39] [INFO] Action Engine initialized.
[2026-04-24 21:06:39] [INFO] Starting module: Action Engine
[2026-04-24 21:06:39] [INFO] Action Engine initialized.
[2026-04-24 21:06:39] [INFO] Starting module: Network Monitor
[2026-04-24 21:06:39] [INFO] Starting module: Process Monitor
[2026-04-24 21:06:39] [INFO] Starting module: Disk Space Monitor (Plugin)
[2026-04-24 21:06:39] [INFO] Triggered action for: Low Disk Space
[2026-04-24 21:06:39] [INFO] NOTIFICATION: Storage Warning - Drive D:\ is running critically low! Only 16,2GB (5,4%) remaining.
[2026-04-24 21:06:59] [INFO] Triggered action for: Suspicious Process
[2026-04-24 21:06:59] [INFO] Triggered action for: Suspicious Process
[2026-04-24 21:06:59] [INFO] NOTIFICATION: Security Alert - Suspicious process detected: Notepad
[2026-04-24 21:06:59] [INFO] NOTIFICATION: Security Alert - Suspicious process detected: Notepad
[2026-04-24 21:07:15] [INFO] Pulse is shutting down...
[2026-04-24 21:08:06] [INFO] Pulse is starting...
[2026-04-24 21:08:06] [INFO] Loaded plugin module: Action Engine from Pulse.Core.dll
[2026-04-24 21:08:06] [INFO] Loaded plugin module: Network Monitor from Pulse.Core.dll
[2026-04-24 21:08:06] [INFO] Loaded plugin module: Process Monitor from Pulse.Core.dll
[2026-04-24 21:08:06] [INFO] Loaded plugin module: Disk Space Monitor (Plugin) from Pulse.Plugins.DiskMonitor.dll
[2026-04-24 21:08:06] [INFO] Starting module: Network Monitor
[2026-04-24 21:08:06] [INFO] Starting module: Process Monitor
[2026-04-24 21:08:06] [INFO] Starting module: Action Engine
[2026-04-24 21:08:06] [INFO] Action Engine initialized.
[2026-04-24 21:08:06] [INFO] Starting module: Action Engine
[2026-04-24 21:08:06] [INFO] Action Engine initialized.
[2026-04-24 21:08:06] [INFO] Starting module: Network Monitor
[2026-04-24 21:08:06] [INFO] Starting module: Process Monitor
[2026-04-24 21:08:06] [INFO] Starting module: Disk Space Monitor (Plugin)
[2026-04-24 21:08:06] [INFO] Triggered action for: Low Disk Space
[2026-04-24 21:08:06] [INFO] NOTIFICATION: Storage Warning - Drive D:\ is running critically low! Only 16,2GB (5,4%) remaining.
[2026-04-24 21:09:06] [INFO] Triggered action for: Low Disk Space
[2026-04-24 21:09:06] [INFO] NOTIFICATION: Storage Warning - Drive D:\ is running critically low! Only 16,2GB (5,4%) remaining.
[2026-04-24 21:10:06] [INFO] Triggered action for: Low Disk Space
[2026-04-24 21:10:06] [INFO] NOTIFICATION: Storage Warning - Drive D:\ is running critically low! Only 16,2GB (5,4%) remaining.
[2026-04-24 21:11:06] [INFO] Triggered action for: Low Disk Space
[2026-04-24 21:11:06] [INFO] NOTIFICATION: Storage Warning - Drive D:\ is running critically low! Only 16,2GB (5,4%) remaining.
[2026-04-24 21:12:06] [INFO] Triggered action for: Low Disk Space
[2026-04-24 21:12:06] [INFO] NOTIFICATION: Storage Warning - Drive D:\ is running critically low! Only 16,2GB (5,4%) remaining.
[2026-04-24 21:13:06] [INFO] Triggered action for: Low Disk Space
[2026-04-24 21:13:06] [INFO] NOTIFICATION: Storage Warning - Drive D:\ is running critically low! Only 16,2GB (5,4%) remaining.
[2026-04-24 21:14:06] [INFO] Triggered action for: Low Disk Space
[2026-04-24 21:14:06] [INFO] NOTIFICATION: Storage Warning - Drive D:\ is running critically low! Only 16,2GB (5,4%) remaining.
[2026-04-24 21:15:06] [INFO] Triggered action for: Low Disk Space
[2026-04-24 21:15:06] [INFO] NOTIFICATION: Storage Warning - Drive D:\ is running critically low! Only 16,2GB (5,4%) remaining.
[2026-04-24 21:16:06] [INFO] Triggered action for: Low Disk Space
[2026-04-24 21:16:06] [INFO] NOTIFICATION: Storage Warning - Drive D:\ is running critically low! Only 16,2GB (5,4%) remaining.
[2026-04-24 21:17:06] [INFO] Triggered action for: Low Disk Space
[2026-04-24 21:17:06] [INFO] NOTIFICATION: Storage Warning - Drive D:\ is running critically low! Only 16,2GB (5,4%) remaining.
[2026-04-24 21:18:06] [INFO] Triggered action for: Low Disk Space
[2026-04-24 21:18:06] [INFO] NOTIFICATION: Storage Warning - Drive D:\ is running critically low! Only 16,2GB (5,4%) remaining.
[2026-04-24 21:19:06] [INFO] Triggered action for: Low Disk Space
[2026-04-24 21:19:06] [INFO] NOTIFICATION: Storage Warning - Drive D:\ is running critically low! Only 16,2GB (5,4%) remaining.
[2026-04-24 21:19:28] [INFO] Pulse is shutting down...
[2026-04-24 21:24:14] [INFO] Pulse is starting...
[2026-04-24 21:24:14] [INFO] Loaded plugin module: Action Engine from Pulse.Core.dll
[2026-04-24 21:24:14] [INFO] Loaded plugin module: Network Monitor from Pulse.Core.dll
[2026-04-24 21:24:14] [INFO] Loaded plugin module: Process Monitor from Pulse.Core.dll
[2026-04-24 21:24:14] [INFO] Loaded plugin module: Disk Space Monitor (Plugin) from Pulse.Plugins.DiskMonitor.dll
[2026-04-24 21:24:14] [INFO] Starting module: Network Monitor
[2026-04-24 21:24:14] [INFO] Starting module: Process Monitor
[2026-04-24 21:24:14] [INFO] Starting module: Action Engine
[2026-04-24 21:24:14] [INFO] Action Engine initialized.
[2026-04-24 21:24:14] [INFO] Starting module: Action Engine
[2026-04-24 21:24:14] [INFO] Action Engine initialized.
[2026-04-24 21:24:14] [INFO] Starting module: Network Monitor
[2026-04-24 21:24:14] [INFO] Starting module: Process Monitor
[2026-04-24 21:24:14] [INFO] Starting module: Disk Space Monitor (Plugin)
[2026-04-24 21:24:14] [INFO] Triggered action for: Low Disk Space
[2026-04-24 21:24:14] [INFO] NOTIFICATION: Storage Warning - Drive D:\ is running critically low! Only 16,2GB (5,4%) remaining.
[2026-04-24 21:25:14] [INFO] Triggered action for: Low Disk Space
[2026-04-24 21:25:14] [INFO] NOTIFICATION: Storage Warning - Drive D:\ is running critically low! Only 16,1GB (5,4%) remaining.
[2026-04-24 21:26:14] [INFO] Triggered action for: Low Disk Space
[2026-04-24 21:26:14] [INFO] NOTIFICATION: Storage Warning - Drive D:\ is running critically low! Only 16,0GB (5,3%) remaining.
[2026-04-24 21:27:14] [INFO] Triggered action for: Low Disk Space
[2026-04-24 21:27:14] [INFO] NOTIFICATION: Storage Warning - Drive D:\ is running critically low! Only 16,2GB (5,4%) remaining.
[2026-04-24 21:28:14] [INFO] Triggered action for: Low Disk Space
[2026-04-24 21:28:14] [INFO] NOTIFICATION: Storage Warning - Drive D:\ is running critically low! Only 16,2GB (5,4%) remaining.
[2026-04-24 21:29:14] [INFO] Triggered action for: Low Disk Space
[2026-04-24 21:29:14] [INFO] NOTIFICATION: Storage Warning - Drive D:\ is running critically low! Only 16,2GB (5,4%) remaining.
[2026-04-24 21:30:14] [INFO] Triggered action for: Low Disk Space
[2026-04-24 21:30:14] [INFO] NOTIFICATION: Storage Warning - Drive D:\ is running critically low! Only 16,2GB (5,4%) remaining.
[2026-04-24 21:31:14] [INFO] Triggered action for: Low Disk Space
[2026-04-24 21:31:14] [INFO] NOTIFICATION: Storage Warning - Drive D:\ is running critically low! Only 16,2GB (5,4%) remaining.
[2026-04-24 21:31:47] [INFO] Pulse is starting...
[2026-04-24 21:31:47] [INFO] Loaded plugin module: Action Engine from Pulse.Core.dll
[2026-04-24 21:31:47] [INFO] Loaded plugin module: Network Monitor from Pulse.Core.dll
[2026-04-24 21:31:47] [INFO] Loaded plugin module: Process Monitor from Pulse.Core.dll
[2026-04-24 21:31:47] [INFO] Loaded plugin module: Disk Space Monitor (Plugin) from Pulse.Plugins.DiskMonitor.dll
[2026-04-24 21:31:47] [INFO] Starting module: Network Monitor
[2026-04-24 21:31:47] [INFO] Starting module: Process Monitor
[2026-04-24 21:31:47] [INFO] Starting module: Action Engine
[2026-04-24 21:31:47] [INFO] Action Engine initialized.
[2026-04-24 21:31:47] [INFO] Starting module: Action Engine
[2026-04-24 21:31:47] [INFO] Action Engine initialized.
[2026-04-24 21:31:47] [INFO] Starting module: Network Monitor
[2026-04-24 21:31:47] [INFO] Starting module: Process Monitor
[2026-04-24 21:31:47] [INFO] Starting module: Disk Space Monitor (Plugin)
[2026-04-24 21:31:47] [INFO] Triggered action for: Low Disk Space
[2026-04-24 21:31:47] [INFO] NOTIFICATION: Storage Warning - Drive D:\ is running critically low! Only 16,2GB (5,4%) remaining.
[2026-04-24 21:32:47] [INFO] Triggered action for: Low Disk Space
[2026-04-24 21:32:47] [INFO] NOTIFICATION: Storage Warning - Drive D:\ is running critically low! Only 16,2GB (5,4%) remaining.
[2026-04-24 21:33:47] [INFO] Triggered action for: Low Disk Space
[2026-04-24 21:33:47] [INFO] NOTIFICATION: Storage Warning - Drive D:\ is running critically low! Only 16,2GB (5,4%) remaining.
[2026-04-24 21:34:02] [INFO] Pulse is shutting down...
[2026-04-24 21:35:24] [INFO] Pulse is starting...
[2026-04-24 21:35:25] [INFO] Loaded plugin module: Action Engine from Pulse.Core.dll
[2026-04-24 21:35:25] [INFO] Loaded plugin module: Network Monitor from Pulse.Core.dll
[2026-04-24 21:35:25] [INFO] Loaded plugin module: Process Monitor from Pulse.Core.dll
[2026-04-24 21:35:25] [INFO] Loaded plugin module: Disk Space Monitor (Plugin) from Pulse.Plugins.DiskMonitor.dll
[2026-04-24 21:35:25] [INFO] Starting module: Network Monitor
[2026-04-24 21:35:25] [INFO] Starting module: Process Monitor
[2026-04-24 21:35:25] [INFO] Starting module: Action Engine
[2026-04-24 21:35:25] [INFO] Action Engine initialized.
[2026-04-24 21:35:25] [INFO] Starting module: Action Engine
[2026-04-24 21:35:25] [INFO] Action Engine initialized.
[2026-04-24 21:35:25] [INFO] Starting module: Network Monitor
[2026-04-24 21:35:25] [INFO] Starting module: Process Monitor
[2026-04-24 21:35:25] [INFO] Starting module: Disk Space Monitor (Plugin)
[2026-04-24 21:35:25] [INFO] Triggered action for: Low Disk Space
[2026-04-24 21:35:25] [INFO] NOTIFICATION: Storage Warning - Drive D:\ is running critically low! Only 16,2GB (5,4%) remaining.
[2026-04-24 21:36:25] [INFO] Triggered action for: Low Disk Space
[2026-04-24 21:37:12] [INFO] Pulse is shutting down...
[2026-04-24 21:38:06] [INFO] Pulse is starting...
[2026-04-24 21:38:06] [INFO] Loaded plugin module: Action Engine from Pulse.Core.dll
[2026-04-24 21:38:06] [INFO] Loaded plugin module: Network Monitor from Pulse.Core.dll
[2026-04-24 21:38:06] [INFO] Loaded plugin module: Process Monitor from Pulse.Core.dll
[2026-04-24 21:38:06] [INFO] Loaded plugin module: Battery Tracker (Plugin) from Pulse.Plugins.BatteryMonitor.dll
[2026-04-24 21:38:06] [INFO] Loaded plugin module: Disk Space Monitor (Plugin) from Pulse.Plugins.DiskMonitor.dll
[2026-04-24 21:38:06] [INFO] Loaded plugin module: Memory Leak Monitor (Plugin) from Pulse.Plugins.MemoryMonitor.dll
[2026-04-24 21:38:06] [INFO] Starting module: Network Monitor
[2026-04-24 21:38:06] [INFO] Starting module: Process Monitor
[2026-04-24 21:38:06] [INFO] Starting module: Action Engine
[2026-04-24 21:38:06] [INFO] Action Engine initialized.
[2026-04-24 21:38:06] [INFO] Starting module: Action Engine
[2026-04-24 21:38:06] [INFO] Action Engine initialized.
[2026-04-24 21:38:06] [INFO] Starting module: Network Monitor
[2026-04-24 21:38:06] [INFO] Starting module: Process Monitor
[2026-04-24 21:38:06] [INFO] Starting module: Battery Tracker (Plugin)
[2026-04-24 21:38:06] [INFO] Starting module: Disk Space Monitor (Plugin)
[2026-04-24 21:38:06] [INFO] Starting module: Memory Leak Monitor (Plugin)
[2026-04-24 21:38:06] [INFO] Triggered action for: Low Disk Space
[2026-04-24 21:38:06] [INFO] NOTIFICATION: Storage Warning - Drive D:\ is running critically low! Only 16,2GB (5,4%) remaining.
[2026-04-24 21:39:07] [INFO] Triggered action for: Low Disk Space
